<?xml version="1.0" encoding="UTF-8"?>
<?xml-stylesheet type="text/xsl" href="ivy-report.xsl"?>
<ivy-report version="1.0">
	<info
		organisation="org.scalamacros"
		module="macros_2.10"
		revision="1.0.0"
		conf="test"
		confs="compile, runtime, test, provided, optional, compile-internal, runtime-internal, test-internal, plugin, sources, docs, pom"
		date="20130715131045"/>
	<dependencies>
		<module organisation="org.scala-lang" name="scala-reflect">
			<revision name="2.10.0" status="release" pubdate="20121219232932" resolver="sbt-chain" artresolver="sbt-chain" homepage="http://www.scala-lang.org/" downloaded="false" searched="false" default="false" conf="default(compile), default, compile, runtime, master" position="1">
				<license name="BSD-like" url="http://www.scala-lang.org/downloads/license.html    "/>
				<metadata-artifact status="no" details="" size="2552" time="0" location="/home/julianpeeters/.ivy2/cache/org.scala-lang/scala-reflect/ivy-2.10.0.xml" searched="false" origin-is-local="false" origin-location="http://repo1.maven.org/maven2/org/scala-lang/scala-reflect/2.10.0/scala-reflect-2.10.0.pom"/>
				<caller organisation="org.scalamacros" name="macros_2.10" conf="test, compile, runtime" rev="2.10.0" rev-constraint-default="2.10.0" rev-constraint-dynamic="2.10.0" callerrev="1.0.0"/>
				<artifacts>
					<artifact name="scala-reflect" type="jar" ext="jar" status="no" details="" size="3149351" time="0" location="/home/julianpeeters/.ivy2/cache/org.scala-lang/scala-reflect/jars/scala-reflect-2.10.0.jar">
						<origin-location is-local="false" location="http://repo1.maven.org/maven2/org/scala-lang/scala-reflect/2.10.0/scala-reflect-2.10.0.jar"/>
					</artifact>
				</artifacts>
			</revision>
		</module>
		<module organisation="org.scala-lang" name="scala-library">
			<revision name="2.10.0" status="release" pubdate="20121219232916" resolver="sbt-chain" artresolver="sbt-chain" homepage="http://www.scala-lang.org/" downloaded="false" searched="false" default="false" conf="default(compile), default, compile, master(*), compile(*), runtime, runtime(*), master" position="0">
				<license name="BSD-like" url="http://www.scala-lang.org/downloads/license.html          "/>
				<metadata-artifact status="no" details="" size="2392" time="0" location="/home/julianpeeters/.ivy2/cache/org.scala-lang/scala-library/ivy-2.10.0.xml" searched="false" origin-is-local="false" origin-location="http://repo1.maven.org/maven2/org/scala-lang/scala-library/2.10.0/scala-library-2.10.0.pom"/>
				<caller organisation="org.scala-lang" name="scala-reflect" conf="default, compile, runtime, master" rev="2.10.0" rev-constraint-default="2.10.0" rev-constraint-dynamic="2.10.0" callerrev="2.10.0"/>
				<caller organisation="org.scalamacros" name="macros_2.10" conf="test, compile, runtime" rev="2.10.0" rev-constraint-default="2.10.0" rev-constraint-dynamic="2.10.0" callerrev="1.0.0"/>
				<artifacts>
				</artifacts>
			</revision>
		</module>
	</dependencies>
</ivy-report>
